{"/home/abdullahalubaidi/Development/Web Development/online-task-management-system/backend/src/api/ApiError.js": {"path":"/home/abdullahalubaidi/Development/Web Development/online-task-management-system/backend/src/api/ApiError.js","all":false,"statementMap":{"0":{"start":{"line":1,"column":0},"end":{"line":1,"column":45}},"1":{"start":{"line":2,"column":0},"end":{"line":2,"column":50}},"2":{"start":{"line":3,"column":0},"end":{"line":3,"column":17}},"3":{"start":{"line":4,"column":0},"end":{"line":4,"column":29}},"4":{"start":{"line":5,"column":0},"end":{"line":5,"column":39}},"5":{"start":{"line":6,"column":0},"end":{"line":6,"column":2}},"6":{"start":{"line":7,"column":0},"end":{"line":7,"column":1}}},"s":{"0":1,"1":1,"2":5,"3":5,"4":5,"5":5,"6":1},"branchMap":{"0":{"type":"branch","line":2,"loc":{"start":{"line":2,"column":1},"end":{"line":6,"column":2}},"locations":[{"start":{"line":2,"column":1},"end":{"line":6,"column":2}}]}},"b":{"0":[5]},"fnMap":{"0":{"name":"ApiError","decl":{"start":{"line":2,"column":1},"end":{"line":6,"column":2}},"loc":{"start":{"line":2,"column":1},"end":{"line":6,"column":2}},"line":2}},"f":{"0":5}}
,"/home/abdullahalubaidi/Development/Web Development/online-task-management-system/backend/src/api/v1/controllers/auth.js": {"path":"/home/abdullahalubaidi/Development/Web Development/online-task-management-system/backend/src/api/v1/controllers/auth.js","all":false,"statementMap":{"0":{"start":{"line":1,"column":0},"end":{"line":1,"column":38}},"1":{"start":{"line":2,"column":0},"end":{"line":2,"column":8}},"2":{"start":{"line":3,"column":0},"end":{"line":3,"column":18}},"3":{"start":{"line":4,"column":0},"end":{"line":4,"column":45}},"4":{"start":{"line":5,"column":0},"end":{"line":5,"column":0}},"5":{"start":{"line":6,"column":0},"end":{"line":6,"column":50}},"6":{"start":{"line":7,"column":0},"end":{"line":7,"column":12}},"7":{"start":{"line":8,"column":0},"end":{"line":8,"column":15}},"8":{"start":{"line":9,"column":0},"end":{"line":9,"column":16}},"9":{"start":{"line":10,"column":0},"end":{"line":10,"column":14}},"10":{"start":{"line":11,"column":0},"end":{"line":11,"column":18}},"11":{"start":{"line":12,"column":0},"end":{"line":12,"column":15}},"12":{"start":{"line":13,"column":0},"end":{"line":13,"column":17}},"13":{"start":{"line":14,"column":0},"end":{"line":14,"column":5}},"14":{"start":{"line":15,"column":0},"end":{"line":15,"column":28}},"15":{"start":{"line":16,"column":0},"end":{"line":16,"column":7}},"16":{"start":{"line":17,"column":0},"end":{"line":17,"column":10}},"17":{"start":{"line":18,"column":0},"end":{"line":18,"column":13}},"18":{"start":{"line":19,"column":0},"end":{"line":19,"column":10}},"19":{"start":{"line":20,"column":0},"end":{"line":20,"column":12}},"20":{"start":{"line":21,"column":0},"end":{"line":21,"column":16}},"21":{"start":{"line":22,"column":0},"end":{"line":22,"column":0}},"22":{"start":{"line":23,"column":0},"end":{"line":23,"column":35}},"23":{"start":{"line":24,"column":0},"end":{"line":24,"column":66}},"24":{"start":{"line":25,"column":0},"end":{"line":25,"column":0}},"25":{"start":{"line":26,"column":0},"end":{"line":26,"column":37}},"26":{"start":{"line":27,"column":0},"end":{"line":27,"column":73}},"27":{"start":{"line":28,"column":0},"end":{"line":28,"column":0}},"28":{"start":{"line":29,"column":0},"end":{"line":29,"column":29}},"29":{"start":{"line":30,"column":0},"end":{"line":30,"column":63}},"30":{"start":{"line":31,"column":0},"end":{"line":31,"column":0}},"31":{"start":{"line":32,"column":0},"end":{"line":32,"column":35}},"32":{"start":{"line":33,"column":0},"end":{"line":33,"column":70}},"33":{"start":{"line":34,"column":0},"end":{"line":34,"column":0}},"34":{"start":{"line":35,"column":0},"end":{"line":35,"column":35}},"35":{"start":{"line":36,"column":0},"end":{"line":36,"column":77}},"36":{"start":{"line":37,"column":0},"end":{"line":37,"column":0}},"37":{"start":{"line":38,"column":0},"end":{"line":38,"column":51}},"38":{"start":{"line":39,"column":0},"end":{"line":39,"column":0}},"39":{"start":{"line":40,"column":0},"end":{"line":40,"column":21}},"40":{"start":{"line":41,"column":0},"end":{"line":41,"column":13}},"41":{"start":{"line":42,"column":0},"end":{"line":42,"column":10}},"42":{"start":{"line":43,"column":0},"end":{"line":43,"column":24}},"43":{"start":{"line":44,"column":0},"end":{"line":44,"column":6}},"44":{"start":{"line":45,"column":0},"end":{"line":45,"column":23}},"45":{"start":{"line":46,"column":0},"end":{"line":46,"column":17}},"46":{"start":{"line":47,"column":0},"end":{"line":47,"column":13}},"47":{"start":{"line":48,"column":0},"end":{"line":48,"column":3}},"48":{"start":{"line":49,"column":0},"end":{"line":49,"column":3}},"49":{"start":{"line":50,"column":0},"end":{"line":50,"column":0}},"50":{"start":{"line":51,"column":0},"end":{"line":51,"column":16}},"51":{"start":{"line":52,"column":0},"end":{"line":52,"column":34}},"52":{"start":{"line":53,"column":0},"end":{"line":53,"column":2}}},"s":{"0":1,"1":1,"2":1,"3":1,"4":1,"5":1,"6":9,"7":9,"8":9,"9":9,"10":9,"11":9,"12":9,"13":9,"14":9,"15":10,"16":10,"17":10,"18":10,"19":10,"20":10,"21":10,"22":10,"23":10,"24":9,"25":9,"26":10,"27":8,"28":8,"29":10,"30":7,"31":7,"32":10,"33":6,"34":6,"35":10,"36":5,"37":5,"38":5,"39":5,"40":5,"41":5,"42":5,"43":5,"44":5,"45":5,"46":5,"47":5,"48":1,"49":1,"50":1,"51":1,"52":1},"branchMap":{"0":{"type":"branch","line":6,"loc":{"start":{"line":6,"column":48},"end":{"line":49,"column":2}},"locations":[{"start":{"line":6,"column":48},"end":{"line":49,"column":2}}]},"1":{"type":"branch","line":15,"loc":{"start":{"line":15,"column":1},"end":{"line":49,"column":2}},"locations":[{"start":{"line":15,"column":1},"end":{"line":49,"column":2}}]},"2":{"type":"branch","line":24,"loc":{"start":{"line":24,"column":4},"end":{"line":24,"column":66}},"locations":[{"start":{"line":24,"column":4},"end":{"line":24,"column":66}}]},"3":{"type":"branch","line":25,"loc":{"start":{"line":25,"column":-1},"end":{"line":27,"column":4}},"locations":[{"start":{"line":25,"column":-1},"end":{"line":27,"column":4}}]},"4":{"type":"branch","line":27,"loc":{"start":{"line":27,"column":4},"end":{"line":27,"column":73}},"locations":[{"start":{"line":27,"column":4},"end":{"line":27,"column":73}}]},"5":{"type":"branch","line":28,"loc":{"start":{"line":28,"column":-1},"end":{"line":30,"column":4}},"locations":[{"start":{"line":28,"column":-1},"end":{"line":30,"column":4}}]},"6":{"type":"branch","line":30,"loc":{"start":{"line":30,"column":4},"end":{"line":30,"column":63}},"locations":[{"start":{"line":30,"column":4},"end":{"line":30,"column":63}}]},"7":{"type":"branch","line":31,"loc":{"start":{"line":31,"column":-1},"end":{"line":33,"column":4}},"locations":[{"start":{"line":31,"column":-1},"end":{"line":33,"column":4}}]},"8":{"type":"branch","line":33,"loc":{"start":{"line":33,"column":4},"end":{"line":33,"column":70}},"locations":[{"start":{"line":33,"column":4},"end":{"line":33,"column":70}}]},"9":{"type":"branch","line":34,"loc":{"start":{"line":34,"column":-1},"end":{"line":36,"column":4}},"locations":[{"start":{"line":34,"column":-1},"end":{"line":36,"column":4}}]},"10":{"type":"branch","line":36,"loc":{"start":{"line":36,"column":4},"end":{"line":36,"column":77}},"locations":[{"start":{"line":36,"column":4},"end":{"line":36,"column":77}}]},"11":{"type":"branch","line":37,"loc":{"start":{"line":37,"column":-1},"end":{"line":48,"column":3}},"locations":[{"start":{"line":37,"column":-1},"end":{"line":48,"column":3}}]}},"b":{"0":[9],"1":[10],"2":[1],"3":[9],"4":[1],"5":[8],"6":[1],"7":[7],"8":[1],"9":[6],"10":[1],"11":[5]},"fnMap":{"0":{"name":"initializePostRegisterController","decl":{"start":{"line":6,"column":48},"end":{"line":49,"column":2}},"loc":{"start":{"line":6,"column":48},"end":{"line":49,"column":2}},"line":6}},"f":{"0":9}}
,"/home/abdullahalubaidi/Development/Web Development/online-task-management-system/backend/src/api/v1/routes/auth.js": {"path":"/home/abdullahalubaidi/Development/Web Development/online-task-management-system/backend/src/api/v1/routes/auth.js","all":false,"statementMap":{"0":{"start":{"line":1,"column":0},"end":{"line":1,"column":30}},"1":{"start":{"line":2,"column":0},"end":{"line":2,"column":0}},"2":{"start":{"line":3,"column":0},"end":{"line":3,"column":32}},"3":{"start":{"line":4,"column":0},"end":{"line":4,"column":0}},"4":{"start":{"line":5,"column":0},"end":{"line":5,"column":17}},"5":{"start":{"line":6,"column":0},"end":{"line":6,"column":24}},"6":{"start":{"line":7,"column":0},"end":{"line":7,"column":20}},"7":{"start":{"line":8,"column":0},"end":{"line":8,"column":7}},"8":{"start":{"line":9,"column":0},"end":{"line":9,"column":50}},"9":{"start":{"line":10,"column":0},"end":{"line":10,"column":44}},"10":{"start":{"line":11,"column":0},"end":{"line":11,"column":15}},"11":{"start":{"line":12,"column":0},"end":{"line":12,"column":2}}},"s":{"0":1,"1":1,"2":1,"3":1,"4":1,"5":1,"6":1,"7":1,"8":1,"9":1,"10":1,"11":1},"branchMap":{"0":{"type":"branch","line":5,"loc":{"start":{"line":5,"column":15},"end":{"line":12,"column":2}},"locations":[{"start":{"line":5,"column":15},"end":{"line":12,"column":2}}]}},"b":{"0":[1]},"fnMap":{"0":{"name":"__vite_ssr_exports__.default","decl":{"start":{"line":5,"column":15},"end":{"line":12,"column":2}},"loc":{"start":{"line":5,"column":15},"end":{"line":12,"column":2}},"line":5}},"f":{"0":1}}
,"/home/abdullahalubaidi/Development/Web Development/online-task-management-system/backend/src/api/v1/services/user.js": {"path":"/home/abdullahalubaidi/Development/Web Development/online-task-management-system/backend/src/api/v1/services/user.js","all":false,"statementMap":{"0":{"start":{"line":1,"column":0},"end":{"line":1,"column":34}},"1":{"start":{"line":2,"column":0},"end":{"line":2,"column":10}},"2":{"start":{"line":3,"column":0},"end":{"line":3,"column":7}},"3":{"start":{"line":4,"column":0},"end":{"line":4,"column":10}},"4":{"start":{"line":5,"column":0},"end":{"line":5,"column":10}},"5":{"start":{"line":6,"column":0},"end":{"line":6,"column":7}},"6":{"start":{"line":7,"column":0},"end":{"line":7,"column":32}},"7":{"start":{"line":8,"column":0},"end":{"line":8,"column":11}},"8":{"start":{"line":9,"column":0},"end":{"line":9,"column":11}},"9":{"start":{"line":10,"column":0},"end":{"line":10,"column":7}},"10":{"start":{"line":11,"column":0},"end":{"line":11,"column":4}},"11":{"start":{"line":12,"column":0},"end":{"line":12,"column":2}},"12":{"start":{"line":13,"column":0},"end":{"line":13,"column":0}},"13":{"start":{"line":14,"column":0},"end":{"line":14,"column":37}},"14":{"start":{"line":15,"column":0},"end":{"line":15,"column":10}},"15":{"start":{"line":16,"column":0},"end":{"line":16,"column":10}},"16":{"start":{"line":17,"column":0},"end":{"line":17,"column":7}},"17":{"start":{"line":18,"column":0},"end":{"line":18,"column":15}},"18":{"start":{"line":19,"column":0},"end":{"line":19,"column":14}},"19":{"start":{"line":20,"column":0},"end":{"line":20,"column":33}},"20":{"start":{"line":21,"column":0},"end":{"line":21,"column":10}},"21":{"start":{"line":22,"column":0},"end":{"line":22,"column":4}},"22":{"start":{"line":23,"column":0},"end":{"line":23,"column":2}},"23":{"start":{"line":24,"column":0},"end":{"line":24,"column":0}},"24":{"start":{"line":25,"column":0},"end":{"line":25,"column":38}},"25":{"start":{"line":26,"column":0},"end":{"line":26,"column":7}},"26":{"start":{"line":27,"column":0},"end":{"line":27,"column":10}},"27":{"start":{"line":28,"column":0},"end":{"line":28,"column":7}},"28":{"start":{"line":29,"column":0},"end":{"line":29,"column":12}},"29":{"start":{"line":30,"column":0},"end":{"line":30,"column":14}},"30":{"start":{"line":31,"column":0},"end":{"line":31,"column":27}},"31":{"start":{"line":32,"column":0},"end":{"line":32,"column":7}},"32":{"start":{"line":33,"column":0},"end":{"line":33,"column":4}},"33":{"start":{"line":34,"column":0},"end":{"line":34,"column":2}}},"s":{"0":1,"1":6,"2":6,"3":6,"4":6,"5":6,"6":6,"7":6,"8":6,"9":6,"10":6,"11":6,"12":1,"13":1,"14":10,"15":10,"16":10,"17":10,"18":10,"19":9,"20":9,"21":9,"22":9,"23":1,"24":1,"25":10,"26":10,"27":10,"28":10,"29":10,"30":9,"31":9,"32":9,"33":9},"branchMap":{"0":{"type":"branch","line":1,"loc":{"start":{"line":1,"column":26},"end":{"line":12,"column":2}},"locations":[{"start":{"line":1,"column":26},"end":{"line":12,"column":2}}]},"1":{"type":"branch","line":14,"loc":{"start":{"line":14,"column":29},"end":{"line":23,"column":2}},"locations":[{"start":{"line":14,"column":29},"end":{"line":23,"column":2}}]},"2":{"type":"branch","line":19,"loc":{"start":{"line":19,"column":2},"end":{"line":19,"column":14}},"locations":[{"start":{"line":19,"column":2},"end":{"line":19,"column":14}}]},"3":{"type":"branch","line":20,"loc":{"start":{"line":20,"column":-1},"end":{"line":23,"column":2}},"locations":[{"start":{"line":20,"column":-1},"end":{"line":23,"column":2}}]},"4":{"type":"branch","line":25,"loc":{"start":{"line":25,"column":30},"end":{"line":34,"column":2}},"locations":[{"start":{"line":25,"column":30},"end":{"line":34,"column":2}}]},"5":{"type":"branch","line":30,"loc":{"start":{"line":30,"column":2},"end":{"line":30,"column":14}},"locations":[{"start":{"line":30,"column":2},"end":{"line":30,"column":14}}]},"6":{"type":"branch","line":31,"loc":{"start":{"line":31,"column":-1},"end":{"line":34,"column":2}},"locations":[{"start":{"line":31,"column":-1},"end":{"line":34,"column":2}}]}},"b":{"0":[6],"1":[10],"2":[1],"3":[9],"4":[10],"5":[1],"6":[9]},"fnMap":{"0":{"name":"createUser","decl":{"start":{"line":1,"column":26},"end":{"line":12,"column":2}},"loc":{"start":{"line":1,"column":26},"end":{"line":12,"column":2}},"line":1},"1":{"name":"getUserByName","decl":{"start":{"line":14,"column":29},"end":{"line":23,"column":2}},"loc":{"start":{"line":14,"column":29},"end":{"line":23,"column":2}},"line":14},"2":{"name":"getUserByEmail","decl":{"start":{"line":25,"column":30},"end":{"line":34,"column":2}},"loc":{"start":{"line":25,"column":30},"end":{"line":34,"column":2}},"line":25}},"f":{"0":6,"1":10,"2":10}}
,"/home/abdullahalubaidi/Development/Web Development/online-task-management-system/backend/src/api/v1/validators/user.js": {"path":"/home/abdullahalubaidi/Development/Web Development/online-task-management-system/backend/src/api/v1/validators/user.js","all":false,"statementMap":{"0":{"start":{"line":1,"column":0},"end":{"line":1,"column":0}},"1":{"start":{"line":2,"column":0},"end":{"line":2,"column":45}},"2":{"start":{"line":3,"column":0},"end":{"line":3,"column":29}},"3":{"start":{"line":4,"column":0},"end":{"line":4,"column":53}},"4":{"start":{"line":5,"column":0},"end":{"line":5,"column":2}},"5":{"start":{"line":6,"column":0},"end":{"line":6,"column":0}},"6":{"start":{"line":7,"column":0},"end":{"line":7,"column":45}},"7":{"start":{"line":8,"column":0},"end":{"line":8,"column":29}},"8":{"start":{"line":9,"column":0},"end":{"line":9,"column":43}},"9":{"start":{"line":10,"column":0},"end":{"line":10,"column":57}},"10":{"start":{"line":11,"column":0},"end":{"line":11,"column":57}},"11":{"start":{"line":12,"column":0},"end":{"line":12,"column":46}},"12":{"start":{"line":13,"column":0},"end":{"line":13,"column":22}},"13":{"start":{"line":14,"column":0},"end":{"line":14,"column":27}},"14":{"start":{"line":15,"column":0},"end":{"line":15,"column":27}},"15":{"start":{"line":16,"column":0},"end":{"line":16,"column":13}},"16":{"start":{"line":17,"column":0},"end":{"line":17,"column":2}},"17":{"start":{"line":18,"column":0},"end":{"line":18,"column":0}},"18":{"start":{"line":19,"column":0},"end":{"line":19,"column":39}},"19":{"start":{"line":20,"column":0},"end":{"line":20,"column":26}},"20":{"start":{"line":21,"column":0},"end":{"line":21,"column":74}},"21":{"start":{"line":22,"column":0},"end":{"line":22,"column":2}},"22":{"start":{"line":23,"column":0},"end":{"line":23,"column":0}},"23":{"start":{"line":24,"column":0},"end":{"line":24,"column":16}},"24":{"start":{"line":25,"column":0},"end":{"line":25,"column":18}},"25":{"start":{"line":26,"column":0},"end":{"line":26,"column":18}},"26":{"start":{"line":27,"column":0},"end":{"line":27,"column":15}},"27":{"start":{"line":28,"column":0},"end":{"line":28,"column":2}}},"s":{"0":1,"1":1,"2":17,"3":13,"4":13,"5":1,"6":1,"7":13,"8":9,"9":9,"10":9,"11":9,"12":13,"13":13,"14":13,"15":13,"16":13,"17":1,"18":1,"19":28,"20":24,"21":24,"22":1,"23":1,"24":1,"25":1,"26":1,"27":1},"branchMap":{"0":{"type":"branch","line":2,"loc":{"start":{"line":2,"column":32},"end":{"line":5,"column":2}},"locations":[{"start":{"line":2,"column":32},"end":{"line":5,"column":2}}]},"1":{"type":"branch","line":3,"loc":{"start":{"line":3,"column":16},"end":{"line":3,"column":29}},"locations":[{"start":{"line":3,"column":16},"end":{"line":3,"column":29}}]},"2":{"type":"branch","line":4,"loc":{"start":{"line":4,"column":-1},"end":{"line":5,"column":2}},"locations":[{"start":{"line":4,"column":-1},"end":{"line":5,"column":2}}]},"3":{"type":"branch","line":7,"loc":{"start":{"line":7,"column":32},"end":{"line":17,"column":2}},"locations":[{"start":{"line":7,"column":32},"end":{"line":17,"column":2}}]},"4":{"type":"branch","line":8,"loc":{"start":{"line":8,"column":16},"end":{"line":8,"column":29}},"locations":[{"start":{"line":8,"column":16},"end":{"line":8,"column":29}}]},"5":{"type":"branch","line":9,"loc":{"start":{"line":9,"column":-1},"end":{"line":13,"column":20}},"locations":[{"start":{"line":9,"column":-1},"end":{"line":13,"column":20}}]},"6":{"type":"branch","line":13,"loc":{"start":{"line":13,"column":20},"end":{"line":14,"column":24}},"locations":[{"start":{"line":13,"column":20},"end":{"line":14,"column":24}}]},"7":{"type":"branch","line":14,"loc":{"start":{"line":14,"column":25},"end":{"line":15,"column":24}},"locations":[{"start":{"line":14,"column":25},"end":{"line":15,"column":24}}]},"8":{"type":"branch","line":15,"loc":{"start":{"line":15,"column":25},"end":{"line":16,"column":12}},"locations":[{"start":{"line":15,"column":25},"end":{"line":16,"column":12}}]},"9":{"type":"branch","line":19,"loc":{"start":{"line":19,"column":29},"end":{"line":22,"column":2}},"locations":[{"start":{"line":19,"column":29},"end":{"line":22,"column":2}}]},"10":{"type":"branch","line":20,"loc":{"start":{"line":20,"column":13},"end":{"line":20,"column":26}},"locations":[{"start":{"line":20,"column":13},"end":{"line":20,"column":26}}]},"11":{"type":"branch","line":21,"loc":{"start":{"line":21,"column":-1},"end":{"line":22,"column":2}},"locations":[{"start":{"line":21,"column":-1},"end":{"line":22,"column":2}}]}},"b":{"0":[17],"1":[4],"2":[13],"3":[13],"4":[4],"5":[9],"6":[7],"7":[6],"8":[4],"9":[28],"10":[4],"11":[24]},"fnMap":{"0":{"name":"validateUsername","decl":{"start":{"line":2,"column":32},"end":{"line":5,"column":2}},"loc":{"start":{"line":2,"column":32},"end":{"line":5,"column":2}},"line":2},"1":{"name":"validatePassword","decl":{"start":{"line":7,"column":32},"end":{"line":17,"column":2}},"loc":{"start":{"line":7,"column":32},"end":{"line":17,"column":2}},"line":7},"2":{"name":"validateEmail","decl":{"start":{"line":19,"column":29},"end":{"line":22,"column":2}},"loc":{"start":{"line":19,"column":29},"end":{"line":22,"column":2}},"line":19}},"f":{"0":17,"1":13,"2":28}}
,"/home/abdullahalubaidi/Development/Web Development/online-task-management-system/backend/src/config/db.js": {"path":"/home/abdullahalubaidi/Development/Web Development/online-task-management-system/backend/src/config/db.js","all":false,"statementMap":{"0":{"start":{"line":1,"column":0},"end":{"line":1,"column":32}},"1":{"start":{"line":2,"column":0},"end":{"line":2,"column":0}},"2":{"start":{"line":3,"column":0},"end":{"line":3,"column":36}},"3":{"start":{"line":4,"column":0},"end":{"line":4,"column":8}},"4":{"start":{"line":5,"column":0},"end":{"line":5,"column":8}},"5":{"start":{"line":6,"column":0},"end":{"line":6,"column":6}},"6":{"start":{"line":7,"column":0},"end":{"line":7,"column":10}},"7":{"start":{"line":8,"column":0},"end":{"line":8,"column":10}},"8":{"start":{"line":9,"column":0},"end":{"line":9,"column":8}},"9":{"start":{"line":10,"column":0},"end":{"line":10,"column":7}},"10":{"start":{"line":11,"column":0},"end":{"line":11,"column":76}},"11":{"start":{"line":12,"column":0},"end":{"line":12,"column":0}},"12":{"start":{"line":13,"column":0},"end":{"line":13,"column":28}},"13":{"start":{"line":14,"column":0},"end":{"line":14,"column":53}},"14":{"start":{"line":15,"column":0},"end":{"line":15,"column":38}},"15":{"start":{"line":16,"column":0},"end":{"line":16,"column":2}},"16":{"start":{"line":17,"column":0},"end":{"line":17,"column":0}},"17":{"start":{"line":18,"column":0},"end":{"line":18,"column":57}},"18":{"start":{"line":19,"column":0},"end":{"line":19,"column":32}},"19":{"start":{"line":20,"column":0},"end":{"line":20,"column":0}},"20":{"start":{"line":21,"column":0},"end":{"line":21,"column":35}},"21":{"start":{"line":22,"column":0},"end":{"line":22,"column":34}},"22":{"start":{"line":23,"column":0},"end":{"line":23,"column":0}},"23":{"start":{"line":24,"column":0},"end":{"line":24,"column":44}},"24":{"start":{"line":25,"column":0},"end":{"line":25,"column":26}},"25":{"start":{"line":26,"column":0},"end":{"line":26,"column":42}},"26":{"start":{"line":27,"column":0},"end":{"line":27,"column":44}},"27":{"start":{"line":28,"column":0},"end":{"line":28,"column":14}},"28":{"start":{"line":29,"column":0},"end":{"line":29,"column":36}},"29":{"start":{"line":30,"column":0},"end":{"line":30,"column":2}},"30":{"start":{"line":31,"column":0},"end":{"line":31,"column":25}},"31":{"start":{"line":32,"column":0},"end":{"line":32,"column":2}},"32":{"start":{"line":33,"column":0},"end":{"line":33,"column":0}},"33":{"start":{"line":34,"column":0},"end":{"line":34,"column":23}},"34":{"start":{"line":35,"column":0},"end":{"line":35,"column":8}},"35":{"start":{"line":36,"column":0},"end":{"line":36,"column":8}},"36":{"start":{"line":37,"column":0},"end":{"line":37,"column":6}},"37":{"start":{"line":38,"column":0},"end":{"line":38,"column":10}},"38":{"start":{"line":39,"column":0},"end":{"line":39,"column":10}},"39":{"start":{"line":40,"column":0},"end":{"line":40,"column":8}},"40":{"start":{"line":41,"column":0},"end":{"line":41,"column":7}},"41":{"start":{"line":42,"column":0},"end":{"line":42,"column":53}},"42":{"start":{"line":43,"column":0},"end":{"line":43,"column":9}},"43":{"start":{"line":44,"column":0},"end":{"line":44,"column":9}},"44":{"start":{"line":45,"column":0},"end":{"line":45,"column":7}},"45":{"start":{"line":46,"column":0},"end":{"line":46,"column":11}},"46":{"start":{"line":47,"column":0},"end":{"line":47,"column":11}},"47":{"start":{"line":48,"column":0},"end":{"line":48,"column":9}},"48":{"start":{"line":49,"column":0},"end":{"line":49,"column":4}},"49":{"start":{"line":50,"column":0},"end":{"line":50,"column":0}},"50":{"start":{"line":51,"column":0},"end":{"line":51,"column":61}},"51":{"start":{"line":52,"column":0},"end":{"line":52,"column":52}},"52":{"start":{"line":53,"column":0},"end":{"line":53,"column":31}},"53":{"start":{"line":54,"column":0},"end":{"line":54,"column":4}},"54":{"start":{"line":55,"column":0},"end":{"line":55,"column":0}},"55":{"start":{"line":56,"column":0},"end":{"line":56,"column":19}},"56":{"start":{"line":57,"column":0},"end":{"line":57,"column":2}}},"s":{"0":1,"1":1,"2":1,"3":2,"4":2,"5":2,"6":2,"7":2,"8":2,"9":2,"10":2,"11":2,"12":2,"13":0,"14":0,"15":0,"16":2,"17":2,"18":2,"19":2,"20":2,"21":2,"22":2,"23":2,"24":0,"25":0,"26":0,"27":0,"28":0,"29":0,"30":2,"31":2,"32":1,"33":1,"34":2,"35":2,"36":2,"37":2,"38":2,"39":2,"40":2,"41":2,"42":2,"43":2,"44":2,"45":2,"46":2,"47":2,"48":2,"49":2,"50":2,"51":1,"52":1,"53":1,"54":1,"55":1,"56":1},"branchMap":{"0":{"type":"branch","line":3,"loc":{"start":{"line":3,"column":34},"end":{"line":32,"column":2}},"locations":[{"start":{"line":3,"column":34},"end":{"line":32,"column":2}}]},"1":{"type":"branch","line":11,"loc":{"start":{"line":11,"column":42},"end":{"line":11,"column":56}},"locations":[{"start":{"line":11,"column":42},"end":{"line":11,"column":56}}]},"2":{"type":"branch","line":11,"loc":{"start":{"line":11,"column":57},"end":{"line":11,"column":65}},"locations":[{"start":{"line":11,"column":57},"end":{"line":11,"column":65}}]},"3":{"type":"branch","line":13,"loc":{"start":{"line":13,"column":14},"end":{"line":13,"column":25}},"locations":[{"start":{"line":13,"column":14},"end":{"line":13,"column":25}}]},"4":{"type":"branch","line":13,"loc":{"start":{"line":13,"column":27},"end":{"line":16,"column":2}},"locations":[{"start":{"line":13,"column":27},"end":{"line":16,"column":2}}]},"5":{"type":"branch","line":18,"loc":{"start":{"line":18,"column":37},"end":{"line":18,"column":49}},"locations":[{"start":{"line":18,"column":37},"end":{"line":18,"column":49}}]},"6":{"type":"branch","line":24,"loc":{"start":{"line":24,"column":13},"end":{"line":24,"column":41}},"locations":[{"start":{"line":24,"column":13},"end":{"line":24,"column":41}}]},"7":{"type":"branch","line":24,"loc":{"start":{"line":24,"column":43},"end":{"line":30,"column":2}},"locations":[{"start":{"line":24,"column":43},"end":{"line":30,"column":2}}]},"8":{"type":"branch","line":34,"loc":{"start":{"line":34,"column":15},"end":{"line":57,"column":2}},"locations":[{"start":{"line":34,"column":15},"end":{"line":57,"column":2}}]},"9":{"type":"branch","line":52,"loc":{"start":{"line":52,"column":-1},"end":{"line":57,"column":2}},"locations":[{"start":{"line":52,"column":-1},"end":{"line":57,"column":2}}]},"10":{"type":"branch","line":52,"loc":{"start":{"line":52,"column":33},"end":{"line":54,"column":2}},"locations":[{"start":{"line":52,"column":33},"end":{"line":54,"column":2}}]}},"b":{"0":[2],"1":[0],"2":[0],"3":[0],"4":[0],"5":[0],"6":[0],"7":[0],"8":[2],"9":[1],"10":[1]},"fnMap":{"0":{"name":"constructConnectionString","decl":{"start":{"line":3,"column":34},"end":{"line":32,"column":2}},"loc":{"start":{"line":3,"column":34},"end":{"line":32,"column":2}},"line":3},"1":{"name":"__vite_ssr_exports__.default","decl":{"start":{"line":34,"column":15},"end":{"line":57,"column":2}},"loc":{"start":{"line":34,"column":15},"end":{"line":57,"column":2}},"line":34}},"f":{"0":2,"1":2}}
,"/home/abdullahalubaidi/Development/Web Development/online-task-management-system/backend/src/constants/apiErrorCodes.js": {"path":"/home/abdullahalubaidi/Development/Web Development/online-task-management-system/backend/src/constants/apiErrorCodes.js","all":false,"statementMap":{"0":{"start":{"line":1,"column":0},"end":{"line":1,"column":34}},"1":{"start":{"line":2,"column":0},"end":{"line":2,"column":0}},"2":{"start":{"line":3,"column":0},"end":{"line":3,"column":40}},"3":{"start":{"line":4,"column":0},"end":{"line":4,"column":0}},"4":{"start":{"line":5,"column":0},"end":{"line":5,"column":39}},"5":{"start":{"line":6,"column":0},"end":{"line":6,"column":0}},"6":{"start":{"line":7,"column":0},"end":{"line":7,"column":33}}},"s":{"0":1,"1":1,"2":1,"3":1,"4":1,"5":1,"6":1},"branchMap":{},"b":{},"fnMap":{},"f":{}}
}
